E:\SVN_CODE\SERVER\GAMESERVER\GAMESERVER\DEBUG\GAMESERVER.OBJ
E:\SVN_CODE\SERVER\GAMESERVER\GAMESERVER\DEBUG\LUASCRIPT.OBJ
E:\SVN_CODE\SERVER\GAMESERVER\GAMESERVER\DEBUG\STDAFX.OBJ
E:\SVN_CODE\SERVER\GAMESERVER\GAMESERVER\DEBUG\VC110.PDB
E:\svn_code\server\GameServer\GameServer\Debug\GameServer.obj
E:\svn_code\server\GameServer\GameServer\Debug\LuaScript.obj
E:\svn_code\server\GameServer\GameServer\Debug\stdafx.obj
E:\svn_code\server\GameServer\GameServer\Debug\cl.command.1.tlog
E:\svn_code\server\GameServer\GameServer\Debug\CL.read.1.tlog
E:\svn_code\server\GameServer\GameServer\Debug\CL.write.1.tlog
E:\svn_code\server\GameServer\GameServer\Debug\link-cvtres.read.1.tlog
E:\svn_code\server\GameServer\GameServer\Debug\link-cvtres.write.1.tlog
E:\svn_code\server\GameServer\GameServer\Debug\link-rc.read.1.tlog
E:\svn_code\server\GameServer\GameServer\Debug\link-rc.write.1.tlog
E:\svn_code\server\GameServer\GameServer\Debug\link.4396-cvtres.read.1.tlog
E:\svn_code\server\GameServer\GameServer\Debug\link.4396-cvtres.write.1.tlog
E:\svn_code\server\GameServer\GameServer\Debug\link.4396-rc.read.1.tlog
E:\svn_code\server\GameServer\GameServer\Debug\link.4396-rc.write.1.tlog
E:\svn_code\server\GameServer\GameServer\Debug\link.4396.read.1.tlog
E:\svn_code\server\GameServer\GameServer\Debug\link.4396.write.1.tlog
E:\svn_code\server\GameServer\GameServer\Debug\link.4528-cvtres.read.1.tlog
E:\svn_code\server\GameServer\GameServer\Debug\link.4528-cvtres.write.1.tlog
E:\svn_code\server\GameServer\GameServer\Debug\link.4528-rc.read.1.tlog
E:\svn_code\server\GameServer\GameServer\Debug\link.4528-rc.write.1.tlog
E:\svn_code\server\GameServer\GameServer\Debug\link.4528.read.1.tlog
E:\svn_code\server\GameServer\GameServer\Debug\link.4528.write.1.tlog
E:\svn_code\server\GameServer\GameServer\Debug\link.5512-cvtres.read.1.tlog
E:\svn_code\server\GameServer\GameServer\Debug\link.5512-cvtres.write.1.tlog
E:\svn_code\server\GameServer\GameServer\Debug\link.5512-rc.read.1.tlog
E:\svn_code\server\GameServer\GameServer\Debug\link.5512-rc.write.1.tlog
E:\svn_code\server\GameServer\GameServer\Debug\link.5512.read.1.tlog
E:\svn_code\server\GameServer\GameServer\Debug\link.5512.write.1.tlog
E:\svn_code\server\GameServer\GameServer\Debug\link.6704-cvtres.read.1.tlog
E:\svn_code\server\GameServer\GameServer\Debug\link.6704-cvtres.write.1.tlog
E:\svn_code\server\GameServer\GameServer\Debug\link.6704-rc.read.1.tlog
E:\svn_code\server\GameServer\GameServer\Debug\link.6704-rc.write.1.tlog
E:\svn_code\server\GameServer\GameServer\Debug\link.6704.read.1.tlog
E:\svn_code\server\GameServer\GameServer\Debug\link.6704.write.1.tlog
E:\svn_code\server\GameServer\GameServer\Debug\link.6740.read.1.tlog
E:\svn_code\server\GameServer\GameServer\Debug\link.6740.write.1.tlog
E:\svn_code\server\GameServer\GameServer\Debug\link.command.1.tlog
E:\svn_code\server\GameServer\GameServer\Debug\link.read.1.tlog
E:\svn_code\server\GameServer\GameServer\Debug\link.write.1.tlog
E:\svn_code\server\GameServer\GameServer\Debug\vc110.idb
E:\svn_code\server\GameServer\GameServer\Debug\vc110.pdb
E:\svn_code\server\GameServer\Debug\GameServer.pdb
