生成启动时间为 2014/12/29 20:13:03。
     1>项目“E:\bah\server\GameServer\GameServer\GameServer.vcxproj”在节点 2 上(Build 个目标)。
     1>ClCompile:
         D:\Program Files (x86)\Microsoft Visual Studio 11.0\VC\bin\CL.exe /c /ZI /nologo /W3 /WX- /sdl /Od /Oy- /D WIN32 /D _DEBUG /D _CONSOLE /D _UNICODE /D UNICODE /Gm /EHsc /RTC1 /MDd /GS /fp:precise /Zc:wchar_t /Zc:forScope /Fo"Debug\\" /Fd"Debug\vc110.pdb" /Gd /TP /analyze- /errorReport:prompt /D _CRT_SECURE_NO_WARNINGS GameServer.cpp utils.cpp
         utils.cpp
         正在生成代码...
         正在编译...
         GameServer.cpp
     1>e:\bah\server\gameserver\gameserver\gameserver.cpp(140): warning C4244: “参数”: 从“uint64_t”转换到“lua_Number”，可能丢失数据
     1>e:\bah\server\gameserver\gameserver\gameserver.cpp(871): warning C4244: “=”: 从“my_ulonglong”转换到“int”，可能丢失数据
     1>e:\bah\server\gameserver\gameserver\gameserver.cpp(1113): warning C4244: “参数”: 从“uint64_t”转换到“lua_Number”，可能丢失数据
         正在生成代码...
       Link:
         D:\Program Files (x86)\Microsoft Visual Studio 11.0\VC\bin\link.exe /ERRORREPORT:PROMPT /OUT:"E:\bah\server\GameServer\Debug\GameServer.exe" /INCREMENTAL /NOLOGO libuv.lib ws2_32.lib psapi.lib iphlpapi.lib kernel32.lib user32.lib gdi32.lib winspool.lib comdlg32.lib advapi32.lib shell32.lib ole32.lib oleaut32.lib uuid.lib odbc32.lib odbccp32.lib /NODEFAULTLIB:LIBCMTD.lib /MANIFEST /MANIFESTUAC:"level='asInvoker' uiAccess='false'" /manifest:embed /DEBUG /PDB:"E:\bah\server\GameServer\Debug\GameServer.pdb" /SUBSYSTEM:CONSOLE /TLBID:1 /DYNAMICBASE /NXCOMPAT /IMPLIB:"E:\bah\server\GameServer\Debug\GameServer.lib" /MACHINE:X86 Debug\GameServer.obj
         Debug\lpack.obj
         Debug\LuaScript.obj
         Debug\auxiliar.obj
         Debug\except.obj
         Debug\inet.obj
         Debug\luasocket.obj
         Debug\luasocket_buffer.obj
         Debug\luasocket_io.obj
         Debug\mime.obj
         Debug\options.obj
         Debug\select.obj
         Debug\socket_scripts.obj
         Debug\tcp.obj
         Debug\timeout.obj
         Debug\udp.obj
         Debug\wsocket.obj
         Debug\md5.obj
         Debug\stdafx.obj
         Debug\utils.obj
         GameServer.vcxproj -> E:\bah\server\GameServer\Debug\GameServer.exe
     1>已完成生成项目“E:\bah\server\GameServer\GameServer\GameServer.vcxproj”(Build 个目标)的操作。

生成成功。

已用时间 00:00:04.87
